#
# A fatal error has been detected by the Java Runtime Environment:
#
#  EXCEPTION_ACCESS_VIOLATION (0xc0000005) at pc=0x0000000050343d70, pid=67596, tid=66928
#
# JRE version: Java(TM) SE Runtime Environment (10.0+46) (build 10+46)
# Java VM: Java HotSpot(TM) 64-Bit Server VM (10+46, mixed mode, tiered, compressed oops, g1 gc, windows-amd64)
# Problematic frame:
# V  [jvm.dll+0x2b3d70]
#
# No core dump will be written. Minidumps are not enabled by default on client versions of Windows
#
# If you would like to submit a bug report, please visit:
#   http://bugreport.java.com/bugreport/crash.jsp
#

---------------  S U M M A R Y ------------

Command Line: -Dfile.encoding=Cp1252 Frameworkfiles.Readingexcelfiledata

Host: Intel(R) Core(TM) i5-5200U CPU @ 2.20GHz, 4 cores, 7G,  Windows 7 , 64 bit Build 7601 (6.1.7601.24150)
Time: Thu Aug 02 21:48:19 2018 India Standard Time elapsed time: 0 seconds (0d 0h 0m 0s)

---------------  T H R E A D  ---------------

Current thread (0x000000000032c800):  JavaThread "main" [_thread_in_vm, id=66928, stack(0x0000000002210000,0x0000000002310000)]

Stack: [0x0000000002210000,0x0000000002310000],  sp=0x000000000230d6a8,  free space=1013k
Native frames: (J=compiled Java code, j=interpreted, Vv=VM code, C=native code)
V  [jvm.dll+0x2b3d70]
V  [jvm.dll+0x35472f]
V  [jvm.dll+0x354135]
V  [jvm.dll+0x4a45df]
V  [jvm.dll+0x4a4ab8]
V  [jvm.dll+0x364cc4]
V  [jvm.dll+0x364a2e]
C  0x000000000f02b32c

Java frames: (J=compiled Java code, j=interpreted, Vv=VM code)
j  com.sun.xml.internal.stream.XMLEntityStorage.<clinit>()V+129 java.xml@10
v  ~StubRoutines::call_stub
j  com.sun.org.apache.xerces.internal.impl.XMLEntityManager.<init>()V+169 java.xml@10
j  com.sun.org.apache.xerces.internal.parsers.XML11Configuration.<init>(Lcom/sun/org/apache/xerces/internal/util/SymbolTable;Lcom/sun/org/apache/xerces/internal/xni/grammars/XMLGrammarPool;Lcom/sun/org/apache/xerces/internal/xni/parser/XMLComponentManager;)V+913 java.xml@10
j  com.sun.org.apache.xerces.internal.parsers.XIncludeAwareParserConfiguration.<init>(Lcom/sun/org/apache/xerces/internal/util/SymbolTable;Lcom/sun/org/apache/xerces/internal/xni/grammars/XMLGrammarPool;Lcom/sun/org/apache/xerces/internal/xni/parser/XMLComponentManager;)V+4 java.xml@10
j  com.sun.org.apache.xerces.internal.parsers.XIncludeAwareParserConfiguration.<init>()V+4 java.xml@10
j  com.sun.org.apache.xerces.internal.parsers.DOMParser.<init>(Lcom/sun/org/apache/xerces/internal/util/SymbolTable;Lcom/sun/org/apache/xerces/internal/xni/grammars/XMLGrammarPool;)V+5 java.xml@10
j  com.sun.org.apache.xerces.internal.parsers.DOMParser.<init>()V+3 java.xml@10
j  com.sun.org.apache.xerces.internal.jaxp.DocumentBuilderImpl.<init>(Lcom/sun/org/apache/xerces/internal/jaxp/DocumentBuilderFactoryImpl;Ljava/util/Map;Ljava/util/Map;Z)V+9 java.xml@10
j  com.sun.org.apache.xerces.internal.jaxp.DocumentBuilderImpl.<init>(Lcom/sun/org/apache/xerces/internal/jaxp/DocumentBuilderFactoryImpl;Ljava/util/Map;Ljava/util/Map;)V+5 java.xml@10
j  com.sun.org.apache.xerces.internal.jaxp.DocumentBuilderFactoryImpl.setAttribute(Ljava/lang/String;Ljava/lang/Object;)V+66 java.xml@10
j  org.apache.poi.util.DocumentHelper.trySetXercesSecurityManager(Ljavax/xml/parsers/DocumentBuilderFactory;)V+88
j  org.apache.poi.util.DocumentHelper.<clinit>()V+41
v  ~StubRoutines::call_stub
j  org.apache.poi.openxml4j.opc.internal.ContentTypeManager.parseContentTypesFile(Ljava/io/InputStream;)V+1
j  org.apache.poi.openxml4j.opc.internal.ContentTypeManager.<init>(Ljava/io/InputStream;Lorg/apache/poi/openxml4j/opc/OPCPackage;)V+26
j  org.apache.poi.openxml4j.opc.internal.ZipContentTypeManager.<init>(Ljava/io/InputStream;Lorg/apache/poi/openxml4j/opc/OPCPackage;)V+3
j  org.apache.poi.openxml4j.opc.ZipPackage.getPartsImpl()[Lorg/apache/poi/openxml4j/opc/PackagePart;+108
j  org.apache.poi.openxml4j.opc.OPCPackage.getParts()Ljava/util/ArrayList;+16
j  org.apache.poi.openxml4j.opc.OPCPackage.open(Ljava/io/InputStream;)Lorg/apache/poi/openxml4j/opc/OPCPackage;+20
j  org.apache.poi.util.PackageHelper.open(Ljava/io/InputStream;)Lorg/apache/poi/openxml4j/opc/OPCPackage;+1
j  org.apache.poi.xssf.usermodel.XSSFWorkbook.<init>(Ljava/io/InputStream;)V+2
j  Frameworkfiles.Readingexcelfiledata.Testscriptfile()V+29
j  Frameworkfiles.Readingexcelfiledata.main([Ljava/lang/String;)V+0
v  ~StubRoutines::call_stub

siginfo: EXCEPTION_ACCESS_VIOLATION (0xc0000005), writing address 0x000000000000006b


Register to memory mapping:

RIP=0x0000000050343d70 jvm.dll
RAX=0x000000000000006b is an unknown value
RBX=0x0000000027de5a10 is pointing into metadata
RCX=0x000000000230da60 is pointing into the stack for thread: 0x000000000032c800
RDX=0x000000013f894948 is pointing into metadata
RSP=0x000000000230d6a8 is pointing into the stack for thread: 0x000000000032c800
RBP=0x000000002797db90 is an unknown value
RSI=0x0000000025aa0090 is an unknown value
RDI=0x000000000000000f is an unknown value
R8 =0x000000000000000b is an unknown value
R9 =0x000000000000005b is an unknown value
R10=0x000000002797db90 is an unknown value
R11=0x0000000027de4d88 is pointing into metadata
R12=0x0000000050a61fc0 jvm.dll
R13=0x000000013f894948 is pointing into metadata
R14=0x000000013f894948 is pointing into metadata
R15=0x000000000230da60 is pointing into the stack for thread: 0x000000000032c800


Registers:
RAX=0x000000000000006b, RBX=0x0000000027de5a10, RCX=0x000000000230da60, RDX=0x000000013f894948
RSP=0x000000000230d6a8, RBP=0x000000002797db90, RSI=0x0000000025aa0090, RDI=0x000000000000000f
R8 =0x000000000000000b, R9 =0x000000000000005b, R10=0x000000002797db90, R11=0x0000000027de4d88
R12=0x0000000050a61fc0, R13=0x000000013f894948, R14=0x000000013f894948, R15=0x000000000230da60
RIP=0x0000000050343d70, EFLAGS=0x0000000000010246

Top of Stack: (sp=0x000000000230d6a8)
0x000000000230d6a8:   00000000503e472f 000000013f894948
0x000000000230d6b8:   000000002797db90 0000000025aa0090
0x000000000230d6c8:   000000000230da60 0000000027de5a10
0x000000000230d6d8:   0000000027de4d88 000000000032c800
0x000000000230d6e8:   0000000f0000000b 000000010000005b
0x000000000230d6f8:   0000000000000000 0000000000000000
0x000000000230d708:   0000000000000000 000000000230da60
0x000000000230d718:   000000000032c800 000000002797db90
0x000000000230d728:   00000000503e4135 000000013f894948
0x000000000230d738:   000000002797db90 0000000025aa0090
0x000000000230d748:   000000000230da60 000000000230d9a0
0x000000000230d758:   00000000505345df 000000000032c800
0x000000000230d768:   000000000230da79 00000000000000b2
0x000000000230d778:   00000000002e8ac0 000000000032c800
0x000000000230d788:   00000000000000d8 000000000230de38
0x000000000230d798:   000000000230d890 0000000000010001 

Instructions: (pc=0x0000000050343d70)
0x0000000050343d50:   48 8b 88 a8 01 00 00 0f b7 44 91 0a 48 83 c0 08
0x0000000050343d60:   49 8d 04 c0 a8 07 48 8b 00 c3 cc cc cc cc cc cc
0x0000000050343d70:   40 56 57 48 83 ec 38 48 8b 41 08 48 89 6c 24 58
0x0000000050343d80:   41 8b f0 4c 89 7c 24 30 48 8b ea 48 8b f9 48 85 



---------------  P R O C E S S  ---------------

Threads class SMR info:
_java_thread_list=0x0000000026ad4800, length=11, elements={
0x000000000032c800, 0x0000000025bd6000, 0x0000000025be1000, 0x0000000025be7800,
0x0000000025be9800, 0x0000000025bf2000, 0x0000000025bf6800, 0x0000000025bfb000,
0x0000000025c06000, 0x0000000026ad6000, 0x0000000026adc800
}

Java Threads: ( => current thread )
=>0x000000000032c800 JavaThread "main" [_thread_in_vm, id=66928, stack(0x0000000002210000,0x0000000002310000)]
  0x0000000025bd6000 JavaThread "Reference Handler" daemon [_thread_blocked, id=72384, stack(0x0000000025d50000,0x0000000025e50000)]
  0x0000000025be1000 JavaThread "Finalizer" daemon [_thread_blocked, id=70664, stack(0x0000000025f70000,0x0000000026070000)]
  0x0000000025be7800 JavaThread "Signal Dispatcher" daemon [_thread_blocked, id=81088, stack(0x0000000026090000,0x0000000026190000)]
  0x0000000025be9800 JavaThread "Attach Listener" daemon [_thread_blocked, id=82552, stack(0x0000000026260000,0x0000000026360000)]
  0x0000000025bf2000 JavaThread "C2 CompilerThread0" daemon [_thread_blocked, id=84956, stack(0x0000000026410000,0x0000000026510000)]
  0x0000000025bf6800 JavaThread "C2 CompilerThread1" daemon [_thread_blocked, id=81004, stack(0x00000000265c0000,0x00000000266c0000)]
  0x0000000025bfb000 JavaThread "C1 CompilerThread2" daemon [_thread_blocked, id=87840, stack(0x00000000266f0000,0x00000000267f0000)]
  0x0000000025c06000 JavaThread "Sweeper thread" daemon [_thread_blocked, id=85172, stack(0x0000000026880000,0x0000000026980000)]
  0x0000000026ad6000 JavaThread "Service Thread" daemon [_thread_blocked, id=75492, stack(0x0000000026f10000,0x0000000027010000)]
  0x0000000026adc800 JavaThread "Common-Cleaner" daemon [_thread_blocked, id=74668, stack(0x0000000027070000,0x0000000027170000)]

Other Threads:
  0x0000000025bd2800 VMThread "VM Thread" [stack: 0x0000000024eb0000,0x0000000024fb0000] [id=87444]
  0x0000000026add800 WatcherThread [stack: 0x00000000271e0000,0x00000000272e0000] [id=70368]
  0x0000000000353800 GCTaskThread "GC Thread#0" [stack: 0x000000000dbf0000,0x000000000dcf0000] [id=49172]
  0x0000000000354800 GCTaskThread "GC Thread#1" [stack: 0x000000000dd20000,0x000000000de20000] [id=87920]
  0x0000000000360000 GCTaskThread "GC Thread#2" [stack: 0x000000000dfc0000,0x000000000e0c0000] [id=68152]
  0x0000000000366800 GCTaskThread "GC Thread#3" [stack: 0x000000000de70000,0x000000000df70000] [id=78412]
  0x000000000ed44000 ConcurrentGCThread "G1 Main Marker" [stack: 0x0000000022370000,0x0000000022470000] [id=80496]
  0x000000000038f000 ConcurrentGCThread "G1 Conc#0" [stack: 0x000000000ee50000,0x000000000ef50000] [id=69680]
  0x000000000eda1000 ConcurrentGCThread "G1 Refine#0" [stack: 0x0000000024990000,0x0000000024a90000] [id=84996]
  0x000000000eda4000 ConcurrentGCThread "G1 Refine#1" [stack: 0x0000000024b60000,0x0000000024c60000] [id=61656]
  0x000000000eda8800 ConcurrentGCThread "G1 Refine#2" [stack: 0x0000000024d40000,0x0000000024e40000] [id=86060]
  0x000000000eda9800 ConcurrentGCThread "G1 Refine#3" [stack: 0x0000000025010000,0x0000000025110000] [id=80112]
  0x000000000edad000 ConcurrentGCThread "G1 Young RemSet Sampling" [stack: 0x00000000251a0000,0x00000000252a0000] [id=72292]

Threads with active compile tasks:

VM state:not at safepoint (normal execution)

VM Mutex/Monitor currently owned by a thread: None

Heap address: 0x0000000081600000, size: 2026 MB, Compressed Oops mode: 32-bit
Narrow klass base: 0x0000000000000000, Narrow klass shift: 3
Compressed class space size: 1073741824 Address: 0x000000013f790000

Heap:
 garbage-first heap   total 131072K, used 14336K [0x0000000081600000, 0x0000000100000000)
  region size 1024K, 13 young (13312K), 0 survivors (0K)
 Metaspace       used 10462K, capacity 10643K, committed 10880K, reserved 1058816K
  class space    used 970K, capacity 1048K, committed 1152K, reserved 1048576K
Heap Regions: E=young(eden), S=young(survivor), O=old, HS=humongous(starts), HC=humongous(continues), CS=collection set, F=free, A=archive, TS=gc time stamp, AC=allocation context, TAMS=top-at-mark-start (previous, next)
|   0|0x0000000081600000, 0x0000000081700000, 0x0000000081700000|100%|HS|  |TS  0|AC  0|TAMS 0x0000000081600000, 0x0000000081600000|
|   1|0x0000000081700000, 0x0000000081800000, 0x0000000081800000|100%|HS|  |TS  0|AC  0|TAMS 0x0000000081700000, 0x0000000081700000|
|   2|0x0000000081800000, 0x0000000081800000, 0x0000000081900000|  0%| F|  |TS  0|AC  0|TAMS 0x0000000081800000, 0x0000000081800000|
|   3|0x0000000081900000, 0x0000000081900000, 0x0000000081a00000|  0%| F|  |TS  0|AC  0|TAMS 0x0000000081900000, 0x0000000081900000|
|   4|0x0000000081a00000, 0x0000000081a00000, 0x0000000081b00000|  0%| F|  |TS  0|AC  0|TAMS 0x0000000081a00000, 0x0000000081a00000|
|   5|0x0000000081b00000, 0x0000000081b00000, 0x0000000081c00000|  0%| F|  |TS  0|AC  0|TAMS 0x0000000081b00000, 0x0000000081b00000|
|   6|0x0000000081c00000, 0x0000000081c00000, 0x0000000081d00000|  0%| F|  |TS  0|AC  0|TAMS 0x0000000081c00000, 0x0000000081c00000|
|   7|0x0000000081d00000, 0x0000000081d00000, 0x0000000081e00000|  0%| F|  |TS  0|AC  0|TAMS 0x0000000081d00000, 0x0000000081d00000|
|   8|0x0000000081e00000, 0x0000000081e00000, 0x0000000081f00000|  0%| F|  |TS  0|AC  0|TAMS 0x0000000081e00000, 0x0000000081e00000|
|   9|0x0000000081f00000, 0x0000000081f00000, 0x0000000082000000|  0%| F|  |TS  0|AC  0|TAMS 0x0000000081f00000, 0x0000000081f00000|
|  10|0x0000000082000000, 0x0000000082000000, 0x0000000082100000|  0%| F|  |TS  0|AC  0|TAMS 0x0000000082000000, 0x0000000082000000|
|  11|0x0000000082100000, 0x0000000082100000, 0x0000000082200000|  0%| F|  |TS  0|AC  0|TAMS 0x0000000082100000, 0x0000000082100000|
|  12|0x0000000082200000, 0x0000000082200000, 0x0000000082300000|  0%| F|  |TS  0|AC  0|TAMS 0x0000000082200000, 0x0000000082200000|
|  13|0x0000000082300000, 0x0000000082300000, 0x0000000082400000|  0%| F|  |TS  0|AC  0|TAMS 0x0000000082300000, 0x0000000082300000|
|  14|0x0000000082400000, 0x0000000082400000, 0x0000000082500000|  0%| F|  |TS  0|AC  0|TAMS 0x0000000082400000, 0x0000000082400000|
|  15|0x0000000082500000, 0x0000000082500000, 0x0000000082600000|  0%| F|  |TS  0|AC  0|TAMS 0x0000000082500000, 0x0000000082500000|
|  16|0x0000000082600000, 0x0000000082600000, 0x0000000082700000|  0%| F|  |TS  0|AC  0|TAMS 0x0000000082600000, 0x0000000082600000|
|  17|0x0000000082700000, 0x0000000082700000, 0x0000000082800000|  0%| F|  |TS  0|AC  0|TAMS 0x0000000082700000, 0x0000000082700000|
|  18|0x0000000082800000, 0x0000000082800000, 0x0000000082900000|  0%| F|  |TS  0|AC  0|TAMS 0x0000000082800000, 0x0000000082800000|
|  19|0x0000000082900000, 0x0000000082900000, 0x0000000082a00000|  0%| F|  |TS  0|AC  0|TAMS 0x0000000082900000, 0x0000000082900000|
|  20|0x0000000082a00000, 0x0000000082a00000, 0x0000000082b00000|  0%| F|  |TS  0|AC  0|TAMS 0x0000000082a00000, 0x0000000082a00000|
|  21|0x0000000082b00000, 0x0000000082b00000, 0x0000000082c00000|  0%| F|  |TS  0|AC  0|TAMS 0x0000000082b00000, 0x0000000082b00000|
|  22|0x0000000082c00000, 0x0000000082c00000, 0x0000000082d00000|  0%| F|  |TS  0|AC  0|TAMS 0x0000000082c00000, 0x0000000082c00000|
|  23|0x0000000082d00000, 0x0000000082d00000, 0x0000000082e00000|  0%| F|  |TS  0|AC  0|TAMS 0x0000000082d00000, 0x0000000082d00000|
|  24|0x0000000082e00000, 0x0000000082e00000, 0x0000000082f00000|  0%| F|  |TS  0|AC  0|TAMS 0x0000000082e00000, 0x0000000082e00000|
|  25|0x0000000082f00000, 0x0000000082f00000, 0x0000000083000000|  0%| F|  |TS  0|AC  0|TAMS 0x0000000082f00000, 0x0000000082f00000|
|  26|0x0000000083000000, 0x0000000083000000, 0x0000000083100000|  0%| F|  |TS  0|AC  0|TAMS 0x0000000083000000, 0x0000000083000000|
|  27|0x0000000083100000, 0x0000000083100000, 0x0000000083200000|  0%| F|  |TS  0|AC  0|TAMS 0x0000000083100000, 0x0000000083100000|
|  28|0x0000000083200000, 0x0000000083200000, 0x0000000083300000|  0%| F|  |TS  0|AC  0|TAMS 0x0000000083200000, 0x0000000083200000|
|  29|0x0000000083300000, 0x0000000083300000, 0x0000000083400000|  0%| F|  |TS  0|AC  0|TAMS 0x0000000083300000, 0x0000000083300000|
|  30|0x0000000083400000, 0x0000000083400000, 0x0000000083500000|  0%| F|  |TS  0|AC  0|TAMS 0x0000000083400000, 0x0000000083400000|
|  31|0x0000000083500000, 0x0000000083500000, 0x0000000083600000|  0%| F|  |TS  0|AC  0|TAMS 0x0000000083500000, 0x0000000083500000|
|  32|0x0000000083600000, 0x0000000083600000, 0x0000000083700000|  0%| F|  |TS  0|AC  0|TAMS 0x0000000083600000, 0x0000000083600000|
|  33|0x0000000083700000, 0x0000000083700000, 0x0000000083800000|  0%| F|  |TS  0|AC  0|TAMS 0x0000000083700000, 0x0000000083700000|
|  34|0x0000000083800000, 0x0000000083800000, 0x0000000083900000|  0%| F|  |TS  0|AC  0|TAMS 0x0000000083800000, 0x0000000083800000|
|  35|0x0000000083900000, 0x0000000083900000, 0x0000000083a00000|  0%| F|  |TS  0|AC  0|TAMS 0x0000000083900000, 0x0000000083900000|
|  36|0x0000000083a00000, 0x0000000083a00000, 0x0000000083b00000|  0%| F|  |TS  0|AC  0|TAMS 0x0000000083a00000, 0x0000000083a00000|
|  37|0x0000000083b00000, 0x0000000083b00000, 0x0000000083c00000|  0%| F|  |TS  0|AC  0|TAMS 0x0000000083b00000, 0x0000000083b00000|
|  38|0x0000000083c00000, 0x0000000083c00000, 0x0000000083d00000|  0%| F|  |TS  0|AC  0|TAMS 0x0000000083c00000, 0x0000000083c00000|
|  39|0x0000000083d00000, 0x0000000083d00000, 0x0000000083e00000|  0%| F|  |TS  0|AC  0|TAMS 0x0000000083d00000, 0x0000000083d00000|
|  40|0x0000000083e00000, 0x0000000083e00000, 0x0000000083f00000|  0%| F|  |TS  0|AC  0|TAMS 0x0000000083e00000, 0x0000000083e00000|
|  41|0x0000000083f00000, 0x0000000083f00000, 0x0000000084000000|  0%| F|  |TS  0|AC  0|TAMS 0x0000000083f00000, 0x0000000083f00000|
|  42|0x0000000084000000, 0x0000000084000000, 0x0000000084100000|  0%| F|  |TS  0|AC  0|TAMS 0x0000000084000000, 0x0000000084000000|
|  43|0x0000000084100000, 0x0000000084100000, 0x0000000084200000|  0%| F|  |TS  0|AC  0|TAMS 0x0000000084100000, 0x0000000084100000|
|  44|0x0000000084200000, 0x0000000084200000, 0x0000000084300000|  0%| F|  |TS  0|AC  0|TAMS 0x0000000084200000, 0x0000000084200000|
|  45|0x0000000084300000, 0x0000000084300000, 0x0000000084400000|  0%| F|  |TS  0|AC  0|TAMS 0x0000000084300000, 0x0000000084300000|
|  46|0x0000000084400000, 0x0000000084400000, 0x0000000084500000|  0%| F|  |TS  0|AC  0|TAMS 0x0000000084400000, 0x0000000084400000|
|  47|0x0000000084500000, 0x0000000084500000, 0x0000000084600000|  0%| F|  |TS  0|AC  0|TAMS 0x0000000084500000, 0x0000000084500000|
|  48|0x0000000084600000, 0x0000000084600000, 0x0000000084700000|  0%| F|  |TS  0|AC  0|TAMS 0x0000000084600000, 0x0000000084600000|
|  49|0x0000000084700000, 0x0000000084700000, 0x0000000084800000|  0%| F|  |TS  0|AC  0|TAMS 0x0000000084700000, 0x0000000084700000|
|  50|0x0000000084800000, 0x0000000084800000, 0x0000000084900000|  0%| F|  |TS  0|AC  0|TAMS 0x0000000084800000, 0x0000000084800000|
|  51|0x0000000084900000, 0x0000000084900000, 0x0000000084a00000|  0%| F|  |TS  0|AC  0|TAMS 0x0000000084900000, 0x0000000084900000|
|  52|0x0000000084a00000, 0x0000000084a00000, 0x0000000084b00000|  0%| F|  |TS  0|AC  0|TAMS 0x0000000084a00000, 0x0000000084a00000|
|  53|0x0000000084b00000, 0x0000000084b00000, 0x0000000084c00000|  0%| F|  |TS  0|AC  0|TAMS 0x0000000084b00000, 0x0000000084b00000|
|  54|0x0000000084c00000, 0x0000000084c00000, 0x0000000084d00000|  0%| F|  |TS  0|AC  0|TAMS 0x0000000084c00000, 0x0000000084c00000|
|  55|0x0000000084d00000, 0x0000000084d00000, 0x0000000084e00000|  0%| F|  |TS  0|AC  0|TAMS 0x0000000084d00000, 0x0000000084d00000|
|  56|0x0000000084e00000, 0x0000000084e00000, 0x0000000084f00000|  0%| F|  |TS  0|AC  0|TAMS 0x0000000084e00000, 0x0000000084e00000|
|  57|0x0000000084f00000, 0x0000000084f00000, 0x0000000085000000|  0%| F|  |TS  0|AC  0|TAMS 0x0000000084f00000, 0x0000000084f00000|
|  58|0x0000000085000000, 0x0000000085000000, 0x0000000085100000|  0%| F|  |TS  0|AC  0|TAMS 0x0000000085000000, 0x0000000085000000|
|  59|0x0000000085100000, 0x0000000085100000, 0x0000000085200000|  0%| F|  |TS  0|AC  0|TAMS 0x0000000085100000, 0x0000000085100000|
|  60|0x0000000085200000, 0x0000000085200000, 0x0000000085300000|  0%| F|  |TS  0|AC  0|TAMS 0x0000000085200000, 0x0000000085200000|
|  61|0x0000000085300000, 0x0000000085300000, 0x0000000085400000|  0%| F|  |TS  0|AC  0|TAMS 0x0000000085300000, 0x0000000085300000|
|  62|0x0000000085400000, 0x0000000085400000, 0x0000000085500000|  0%| F|  |TS  0|AC  0|TAMS 0x0000000085400000, 0x0000000085400000|
|  63|0x0000000085500000, 0x0000000085500000, 0x0000000085600000|  0%| F|  |TS  0|AC  0|TAMS 0x0000000085500000, 0x0000000085500000|
|  64|0x0000000085600000, 0x0000000085600000, 0x0000000085700000|  0%| F|  |TS  0|AC  0|TAMS 0x0000000085600000, 0x0000000085600000|
|  65|0x0000000085700000, 0x0000000085700000, 0x0000000085800000|  0%| F|  |TS  0|AC  0|TAMS 0x0000000085700000, 0x0000000085700000|
|  66|0x0000000085800000, 0x0000000085800000, 0x0000000085900000|  0%| F|  |TS  0|AC  0|TAMS 0x0000000085800000, 0x0000000085800000|
|  67|0x0000000085900000, 0x0000000085900000, 0x0000000085a00000|  0%| F|  |TS  0|AC  0|TAMS 0x0000000085900000, 0x0000000085900000|
|  68|0x0000000085a00000, 0x0000000085a00000, 0x0000000085b00000|  0%| F|  |TS  0|AC  0|TAMS 0x0000000085a00000, 0x0000000085a00000|
|  69|0x0000000085b00000, 0x0000000085b00000, 0x0000000085c00000|  0%| F|  |TS  0|AC  0|TAMS 0x0000000085b00000, 0x0000000085b00000|
|  70|0x0000000085c00000, 0x0000000085c00000, 0x0000000085d00000|  0%| F|  |TS  0|AC  0|TAMS 0x0000000085c00000, 0x0000000085c00000|
|  71|0x0000000085d00000, 0x0000000085d00000, 0x0000000085e00000|  0%| F|  |TS  0|AC  0|TAMS 0x0000000085d00000, 0x0000000085d00000|
|  72|0x0000000085e00000, 0x0000000085e00000, 0x0000000085f00000|  0%| F|  |TS  0|AC  0|TAMS 0x0000000085e00000, 0x0000000085e00000|
|  73|0x0000000085f00000, 0x0000000085f00000, 0x0000000086000000|  0%| F|  |TS  0|AC  0|TAMS 0x0000000085f00000, 0x0000000085f00000|
|  74|0x0000000086000000, 0x0000000086000000, 0x0000000086100000|  0%| F|  |TS  0|AC  0|TAMS 0x0000000086000000, 0x0000000086000000|
|  75|0x0000000086100000, 0x0000000086100000, 0x0000000086200000|  0%| F|  |TS  0|AC  0|TAMS 0x0000000086100000, 0x0000000086100000|
|  76|0x0000000086200000, 0x0000000086200000, 0x0000000086300000|  0%| F|  |TS  0|AC  0|TAMS 0x0000000086200000, 0x0000000086200000|
|  77|0x0000000086300000, 0x0000000086300000, 0x0000000086400000|  0%| F|  |TS  0|AC  0|TAMS 0x0000000086300000, 0x0000000086300000|
|  78|0x0000000086400000, 0x0000000086400000, 0x0000000086500000|  0%| F|  |TS  0|AC  0|TAMS 0x0000000086400000, 0x0000000086400000|
|  79|0x0000000086500000, 0x0000000086500000, 0x0000000086600000|  0%| F|  |TS  0|AC  0|TAMS 0x0000000086500000, 0x0000000086500000|
|  80|0x0000000086600000, 0x0000000086600000, 0x0000000086700000|  0%| F|  |TS  0|AC  0|TAMS 0x0000000086600000, 0x0000000086600000|
|  81|0x0000000086700000, 0x0000000086700000, 0x0000000086800000|  0%| F|  |TS  0|AC  0|TAMS 0x0000000086700000, 0x0000000086700000|
|  82|0x0000000086800000, 0x0000000086800000, 0x0000000086900000|  0%| F|  |TS  0|AC  0|TAMS 0x0000000086800000, 0x0000000086800000|
|  83|0x0000000086900000, 0x0000000086900000, 0x0000000086a00000|  0%| F|  |TS  0|AC  0|TAMS 0x0000000086900000, 0x0000000086900000|
|  84|0x0000000086a00000, 0x0000000086a00000, 0x0000000086b00000|  0%| F|  |TS  0|AC  0|TAMS 0x0000000086a00000, 0x0000000086a00000|
|  85|0x0000000086b00000, 0x0000000086b00000, 0x0000000086c00000|  0%| F|  |TS  0|AC  0|TAMS 0x0000000086b00000, 0x0000000086b00000|
|  86|0x0000000086c00000, 0x0000000086c00000, 0x0000000086d00000|  0%| F|  |TS  0|AC  0|TAMS 0x0000000086c00000, 0x0000000086c00000|
|  87|0x0000000086d00000, 0x0000000086d00000, 0x0000000086e00000|  0%| F|  |TS  0|AC  0|TAMS 0x0000000086d00000, 0x0000000086d00000|
|  88|0x0000000086e00000, 0x0000000086e00000, 0x0000000086f00000|  0%| F|  |TS  0|AC  0|TAMS 0x0000000086e00000, 0x0000000086e00000|
|  89|0x0000000086f00000, 0x0000000086f00000, 0x0000000087000000|  0%| F|  |TS  0|AC  0|TAMS 0x0000000086f00000, 0x0000000086f00000|
|  90|0x0000000087000000, 0x0000000087000000, 0x0000000087100000|  0%| F|  |TS  0|AC  0|TAMS 0x0000000087000000, 0x0000000087000000|
|  91|0x0000000087100000, 0x0000000087100000, 0x0000000087200000|  0%| F|  |TS  0|AC  0|TAMS 0x0000000087100000, 0x0000000087100000|
|  92|0x0000000087200000, 0x0000000087200000, 0x0000000087300000|  0%| F|  |TS  0|AC  0|TAMS 0x0000000087200000, 0x0000000087200000|
|  93|0x0000000087300000, 0x0000000087300000, 0x0000000087400000|  0%| F|  |TS  0|AC  0|TAMS 0x0000000087300000, 0x0000000087300000|
|  94|0x0000000087400000, 0x0000000087400000, 0x0000000087500000|  0%| F|  |TS  0|AC  0|TAMS 0x0000000087400000, 0x0000000087400000|
|  95|0x0000000087500000, 0x0000000087500000, 0x0000000087600000|  0%| F|  |TS  0|AC  0|TAMS 0x0000000087500000, 0x0000000087500000|
|  96|0x0000000087600000, 0x0000000087600000, 0x0000000087700000|  0%| F|  |TS  0|AC  0|TAMS 0x0000000087600000, 0x0000000087600000|
|  97|0x0000000087700000, 0x0000000087700000, 0x0000000087800000|  0%| F|  |TS  0|AC  0|TAMS 0x0000000087700000, 0x0000000087700000|
|  98|0x0000000087800000, 0x0000000087800000, 0x0000000087900000|  0%| F|  |TS  0|AC  0|TAMS 0x0000000087800000, 0x0000000087800000|
|  99|0x0000000087900000, 0x0000000087900000, 0x0000000087a00000|  0%| F|  |TS  0|AC  0|TAMS 0x0000000087900000, 0x0000000087900000|
| 100|0x0000000087a00000, 0x0000000087a00000, 0x0000000087b00000|  0%| F|  |TS  0|AC  0|TAMS 0x0000000087a00000, 0x0000000087a00000|
| 101|0x0000000087b00000, 0x0000000087b00000, 0x0000000087c00000|  0%| F|  |TS  0|AC  0|TAMS 0x0000000087b00000, 0x0000000087b00000|
| 102|0x0000000087c00000, 0x0000000087c00000, 0x0000000087d00000|  0%| F|  |TS  0|AC  0|TAMS 0x0000000087c00000, 0x0000000087c00000|
| 103|0x0000000087d00000, 0x0000000087d00000, 0x0000000087e00000|  0%| F|  |TS  0|AC  0|TAMS 0x0000000087d00000, 0x0000000087d00000|
| 104|0x0000000087e00000, 0x0000000087e00000, 0x0000000087f00000|  0%| F|  |TS  0|AC  0|TAMS 0x0000000087e00000, 0x0000000087e00000|
| 105|0x0000000087f00000, 0x0000000087f00000, 0x0000000088000000|  0%| F|  |TS  0|AC  0|TAMS 0x0000000087f00000, 0x0000000087f00000|
| 106|0x0000000088000000, 0x0000000088000000, 0x0000000088100000|  0%| F|  |TS  0|AC  0|TAMS 0x0000000088000000, 0x0000000088000000|
| 107|0x0000000088100000, 0x0000000088100000, 0x0000000088200000|  0%| F|  |TS  0|AC  0|TAMS 0x0000000088100000, 0x0000000088100000|
| 108|0x0000000088200000, 0x0000000088200000, 0x0000000088300000|  0%| F|  |TS  0|AC  0|TAMS 0x0000000088200000, 0x0000000088200000|
| 109|0x0000000088300000, 0x0000000088300000, 0x0000000088400000|  0%| F|  |TS  0|AC  0|TAMS 0x0000000088300000, 0x0000000088300000|
| 110|0x0000000088400000, 0x0000000088400000, 0x0000000088500000|  0%| F|  |TS  0|AC  0|TAMS 0x0000000088400000, 0x0000000088400000|
| 111|0x0000000088500000, 0x0000000088500000, 0x0000000088600000|  0%| F|  |TS  0|AC  0|TAMS 0x0000000088500000, 0x0000000088500000|
| 112|0x0000000088600000, 0x0000000088600000, 0x0000000088700000|  0%| F|  |TS  0|AC  0|TAMS 0x0000000088600000, 0x0000000088600000|
| 113|0x0000000088700000, 0x0000000088700000, 0x0000000088800000|  0%| F|  |TS  0|AC  0|TAMS 0x0000000088700000, 0x0000000088700000|
| 114|0x0000000088800000, 0x0000000088800000, 0x0000000088900000|  0%| F|  |TS  0|AC  0|TAMS 0x0000000088800000, 0x0000000088800000|
| 115|0x0000000088900000, 0x0000000088a00000, 0x0000000088a00000|100%| E|  |TS  0|AC  0|TAMS 0x0000000088900000, 0x0000000088900000|
| 116|0x0000000088a00000, 0x0000000088b00000, 0x0000000088b00000|100%| E|CS|TS  0|AC  0|TAMS 0x0000000088a00000, 0x0000000088a00000|
| 117|0x0000000088b00000, 0x0000000088c00000, 0x0000000088c00000|100%| E|CS|TS  0|AC  0|TAMS 0x0000000088b00000, 0x0000000088b00000|
| 118|0x0000000088c00000, 0x0000000088d00000, 0x0000000088d00000|100%| E|CS|TS  0|AC  0|TAMS 0x0000000088c00000, 0x0000000088c00000|
| 119|0x0000000088d00000, 0x0000000088e00000, 0x0000000088e00000|100%| E|CS|TS  0|AC  0|TAMS 0x0000000088d00000, 0x0000000088d00000|
| 120|0x0000000088e00000, 0x0000000088f00000, 0x0000000088f00000|100%| E|CS|TS  0|AC  0|TAMS 0x0000000088e00000, 0x0000000088e00000|
| 121|0x0000000088f00000, 0x0000000089000000, 0x0000000089000000|100%| E|CS|TS  0|AC  0|TAMS 0x0000000088f00000, 0x0000000088f00000|
| 122|0x0000000089000000, 0x0000000089100000, 0x0000000089100000|100%| E|CS|TS  0|AC  0|TAMS 0x0000000089000000, 0x0000000089000000|
| 123|0x0000000089100000, 0x0000000089200000, 0x0000000089200000|100%| E|CS|TS  0|AC  0|TAMS 0x0000000089100000, 0x0000000089100000|
| 124|0x0000000089200000, 0x0000000089300000, 0x0000000089300000|100%| E|CS|TS  0|AC  0|TAMS 0x0000000089200000, 0x0000000089200000|
| 125|0x0000000089300000, 0x0000000089400000, 0x0000000089400000|100%| E|CS|TS  0|AC  0|TAMS 0x0000000089300000, 0x0000000089300000|
| 126|0x0000000089400000, 0x0000000089500000, 0x0000000089500000|100%| E|CS|TS  0|AC  0|TAMS 0x0000000089400000, 0x0000000089400000|
| 127|0x0000000089500000, 0x0000000089600000, 0x0000000089600000|100%| E|CS|TS  0|AC  0|TAMS 0x0000000089500000, 0x0000000089500000|

Card table byte_map: [0x000000000e900000,0x000000000ed00000] byte_map_base: 0x000000000e4f5000

Marking Bits (Prev, Next): (CMBitMap*) 0x000000000ed435f0, (CMBitMap*) 0x000000000ed43628
 Prev Bits: [0x000000001e410000, 0x00000000203b8000)
 Next Bits: [0x00000000203c0000, 0x0000000022368000)

Polling page: 0x0000000000200000

CodeHeap 'non-profiled nmethods': size=120064Kb used=274Kb max_used=274Kb free=119789Kb
 bounds [0x0000000016ad0000, 0x0000000016d40000, 0x000000001e010000]
CodeHeap 'profiled nmethods': size=120000Kb used=1443Kb max_used=1443Kb free=118556Kb
 bounds [0x000000000f5a0000, 0x000000000f810000, 0x0000000016ad0000]
CodeHeap 'non-nmethods': size=5696Kb used=1061Kb max_used=1071Kb free=4635Kb
 bounds [0x000000000f010000, 0x000000000f280000, 0x000000000f5a0000]
 total_blobs=1447 nmethods=888 adapters=282
 compilation: enabled

Compilation events (10 events):
Event: 0.776 Thread 0x0000000025bfb000 nmethod 884 0x000000000f707710 code [0x000000000f7078c0, 0x000000000f707a70]
Event: 0.776 Thread 0x0000000025bfb000  885       3       java.lang.Module::isNamed (13 bytes)
Event: 0.776 Thread 0x0000000025bfb000 nmethod 885 0x000000000f707b10 code [0x000000000f707cc0, 0x000000000f707e70]
Event: 0.776 Thread 0x0000000025bfb000  886       1       java.lang.invoke.MethodType::parameterCount (6 bytes)
Event: 0.776 Thread 0x0000000025bfb000 nmethod 886 0x0000000016b14390 code [0x0000000016b14540, 0x0000000016b14650]
Event: 0.776 Thread 0x0000000025bfb000  887       3       java.lang.invoke.LambdaFormEditor$Transform::<init> (17 bytes)
Event: 0.777 Thread 0x0000000025bf6800 nmethod 883 0x0000000016b14710 code [0x0000000016b148c0, 0x0000000016b149e8]
Event: 0.777 Thread 0x0000000025bfb000 nmethod 887 0x000000000f707f10 code [0x000000000f708100, 0x000000000f708530]
Event: 0.777 Thread 0x0000000025bfb000  888       3       java.lang.Integer::valueOf (32 bytes)
Event: 0.778 Thread 0x0000000025bfb000 nmethod 888 0x000000000f708690 code [0x000000000f708860, 0x000000000f708bb0]

GC Heap History (0 events):
No events

Deoptimization events (3 events):
Event: 0.107 Thread 0x000000000032c800 Uncommon trap: reason=unstable_if action=reinterpret pc=0x0000000016ad38f0 method=java.lang.String.hashCode()I @ 14 c2
Event: 0.118 Thread 0x000000000032c800 Uncommon trap: reason=unstable_if action=reinterpret pc=0x0000000016ad1f0c method=java.lang.String.isLatin1()Z @ 10 c2
Event: 0.608 Thread 0x000000000032c800 Uncommon trap: reason=unstable_if action=reinterpret pc=0x0000000016ae2624 method=java.lang.String.equals(Ljava/lang/Object;)Z @ 27 c2

Classes redefined (0 events):
No events

Internal exceptions (10 events):
Event: 0.686 Thread 0x000000000032c800 Exception <a 'java/lang/NoSuchMethodError'{0x0000000088bfa280}: java.lang.Object.lambda$and$1(Ljava/util/regex/Pattern$CharPredicate;I)Z> (0x0000000088bfa280) thrown at [t:/workspace/open/src/hotspot/share/interpreter/linkResolver.cpp, line 741]
Event: 0.714 Thread 0x000000000032c800 Exception <a 'java/lang/NoSuchMethodError'{0x0000000088a907c8}: java.lang.invoke.DirectMethodHandle$Holder.invokeStatic(Ljava/lang/Object;Ljava/lang/Object;Ljava/lang/Object;Ljava/lang/Object;Ljava/lang/Object;Ljava/lang/Object;Ljava/lang/Object;Ljava/lan
Event: 0.716 Thread 0x000000000032c800 Exception <a 'java/lang/NoSuchMethodError'{0x0000000088aa0188}: java.lang.invoke.DirectMethodHandle$Holder.invokeStatic(Ljava/lang/Object;Ljava/lang/Object;Ljava/lang/Object;Ljava/lang/Object;Ljava/lang/Object;Ljava/lang/Object;Ljava/lang/Object;Ljava/lan
Event: 0.719 Thread 0x000000000032c800 Exception <a 'java/lang/NoSuchMethodError'{0x0000000088aafc90}: java.lang.invoke.DirectMethodHandle$Holder.invokeSpecial(Ljava/lang/Object;Ljava/lang/Object;IILjava/lang/Object;Ljava/lang/Object;Ljava/lang/Object;)Ljava/lang/Object;> (0x0000000088aafc90) 
Event: 0.720 Thread 0x000000000032c800 Exception <a 'java/lang/NoSuchMethodError'{0x0000000088ab33a0}: java.lang.invoke.DelegatingMethodHandle$Holder.reinvoke_L(Ljava/lang/Object;IILjava/lang/Object;Ljava/lang/Object;Ljava/lang/Object;)Ljava/lang/Object;> (0x0000000088ab33a0) thrown at [t:/wor
Event: 0.720 Thread 0x000000000032c800 Exception <a 'java/lang/NoSuchMethodError'{0x0000000088ab79b0}: java.lang.invoke.DirectMethodHandle$Holder.invokeStatic(Ljava/lang/Object;Ljava/lang/Object;Ljava/lang/Object;Ljava/lang/Object;I)Ljava/lang/Object;> (0x0000000088ab79b0) thrown at [t:/worksp
Event: 0.723 Thread 0x000000000032c800 Exception <a 'java/lang/NoSuchMethodError'{0x0000000088acd168}: method resolution failed> (0x0000000088acd168) thrown at [t:/workspace/open/src/hotspot/share/prims/methodHandles.cpp, line 1226]
Event: 0.727 Thread 0x000000000032c800 Exception <a 'java/lang/NoSuchMethodError'{0x0000000088ae3a88}: method resolution failed> (0x0000000088ae3a88) thrown at [t:/workspace/open/src/hotspot/share/prims/methodHandles.cpp, line 1226]
Event: 0.730 Thread 0x000000000032c800 Exception <a 'java/lang/NoSuchMethodError'{0x0000000088afba78}: method resolution failed> (0x0000000088afba78) thrown at [t:/workspace/open/src/hotspot/share/prims/methodHandles.cpp, line 1226]
Event: 0.733 Thread 0x000000000032c800 Exception <a 'java/lang/NoSuchMethodError'{0x0000000088915608}: method resolution failed> (0x0000000088915608) thrown at [t:/workspace/open/src/hotspot/share/prims/methodHandles.cpp, line 1226]

Events (10 events):
Event: 0.779 loading class com/sun/org/apache/xerces/internal/utils/XMLSecurityManager
Event: 0.779 loading class com/sun/org/apache/xerces/internal/utils/XMLSecurityManager done
Event: 0.779 loading class com/sun/org/apache/xerces/internal/utils/XMLSecurityManager$Limit
Event: 0.779 loading class com/sun/org/apache/xerces/internal/utils/XMLSecurityManager$Limit done
Event: 0.780 loading class com/sun/org/apache/xerces/internal/utils/XMLSecurityManager$State
Event: 0.780 loading class com/sun/org/apache/xerces/internal/utils/XMLSecurityManager$State done
Event: 0.780 loading class com/sun/org/apache/xerces/internal/utils/XMLSecurityManager$NameMap
Event: 0.780 loading class com/sun/org/apache/xerces/internal/utils/XMLSecurityManager$NameMap done
Event: 0.780 loading class com/sun/xml/internal/stream/XMLEntityStorage
Event: 0.780 loading class com/sun/xml/internal/stream/XMLEntityStorage done


Dynamic libraries:
0x000000013f750000 - 0x000000013f78e000 	C:\Program Files\Java\jdk-10\bin\javaw.exe
0x00000000772e0000 - 0x000000007747f000 	C:\Windows\SYSTEM32\ntdll.dll
0x00000000770c0000 - 0x00000000771df000 	C:\Windows\system32\kernel32.dll
0x000007fefcfd0000 - 0x000007fefd03a000 	C:\Windows\system32\KERNELBASE.dll
0x000007feff4f0000 - 0x000007feff5cb000 	C:\Windows\system32\ADVAPI32.dll
0x000007fefd5c0000 - 0x000007fefd65f000 	C:\Windows\system32\msvcrt.dll
0x000007fefd850000 - 0x000007fefd86f000 	C:\Windows\SYSTEM32\sechost.dll
0x000007fefd370000 - 0x000007fefd49d000 	C:\Windows\system32\RPCRT4.dll
0x00000000771e0000 - 0x00000000772da000 	C:\Windows\system32\USER32.dll
0x000007fefd8c0000 - 0x000007fefd927000 	C:\Windows\system32\GDI32.dll
0x000007fefdb50000 - 0x000007fefdb5e000 	C:\Windows\system32\LPK.dll
0x000007fefea10000 - 0x000007fefeadb000 	C:\Windows\system32\USP10.dll
0x000007fefbfd0000 - 0x000007fefc1c4000 	C:\Windows\WinSxS\amd64_microsoft.windows.common-controls_6595b64144ccf1df_6.0.7601.18837_none_fa3b1e3d17594757\COMCTL32.dll
0x000007feff470000 - 0x000007feff4e1000 	C:\Windows\system32\SHLWAPI.dll
0x000007fefbcf0000 - 0x000007fefbcfc000 	C:\Windows\system32\VERSION.dll
0x000007fefebc0000 - 0x000007fefebee000 	C:\Windows\system32\IMM32.DLL
0x000007fefdb70000 - 0x000007fefdc79000 	C:\Windows\system32\MSCTF.dll
0x000007fefcee0000 - 0x000007fefcf11000 	C:\Windows\system32\nvinitx.dll
0x000000000f000000 - 0x000000000f006000 	C:\Program Files\NVIDIA Corporation\CoProcManager\detoured.dll
0x000007fef4ff0000 - 0x000007fef5022000 	C:\Program Files\NVIDIA Corporation\CoProcManager\nvd3d9wrapx.dll
0x000007fefebf0000 - 0x000007fefedc7000 	C:\Windows\system32\SETUPAPI.dll
0x000007fefd0e0000 - 0x000007fefd116000 	C:\Windows\system32\CFGMGR32.dll
0x000007fefeae0000 - 0x000007fefebba000 	C:\Windows\system32\OLEAUT32.dll
0x000007fefd930000 - 0x000007fefdb2d000 	C:\Windows\system32\ole32.dll
0x000007fefd2b0000 - 0x000007fefd2ca000 	C:\Windows\system32\DEVOBJ.dll
0x000007fef4fc0000 - 0x000007fef4fe2000 	C:\Program Files\NVIDIA Corporation\CoProcManager\nvdxgiwrapx.dll
0x000007fee2ef0000 - 0x000007fee2fdf000 	C:\Program Files\Java\jdk-10\bin\msvcr120.dll
0x000007fee7f80000 - 0x000007fee8026000 	C:\Program Files\Java\jdk-10\bin\msvcp120.dll
0x0000000050090000 - 0x0000000050aff000 	C:\Program Files\Java\jdk-10\bin\server\jvm.dll
0x000007fef3cb0000 - 0x000007fef3cb9000 	C:\Windows\system32\WSOCK32.dll
0x000007fefd870000 - 0x000007fefd8bd000 	C:\Windows\system32\WS2_32.dll
0x000007fefdb60000 - 0x000007fefdb68000 	C:\Windows\system32\NSI.dll
0x000007fefaac0000 - 0x000007fefaafb000 	C:\Windows\system32\WINMM.dll
0x0000000077490000 - 0x0000000077497000 	C:\Windows\system32\PSAPI.DLL
0x000007fef5840000 - 0x000007fef584f000 	C:\Program Files\Java\jdk-10\bin\verify.dll
0x000007fef9e70000 - 0x000007fef9f95000 	C:\Windows\system32\DBGHELP.DLL
0x000007fef5810000 - 0x000007fef5837000 	C:\Program Files\Java\jdk-10\bin\java.dll
0x000007fef5050000 - 0x000007fef5066000 	C:\Program Files\Java\jdk-10\bin\zip.dll
0x000007fef54e0000 - 0x000007fef54ea000 	C:\Program Files\Java\jdk-10\bin\jimage.dll
0x000007fefdc80000 - 0x000007fefea0b000 	C:\Windows\system32\SHELL32.dll
0x000007fefcfb0000 - 0x000007fefcfbf000 	C:\Windows\system32\profapi.dll
0x000007fef39c0000 - 0x000007fef39da000 	C:\Program Files\Java\jdk-10\bin\net.dll
0x000007fef4700000 - 0x000007fef4771000 	C:\Windows\system32\WINHTTP.dll
0x000007fef4560000 - 0x000007fef45c5000 	C:\Windows\system32\webio.dll
0x000007fefc700000 - 0x000007fefc755000 	C:\Windows\system32\mswsock.dll
0x000007fefc6f0000 - 0x000007fefc6f7000 	C:\Windows\System32\wship6.dll
0x000007fef39a0000 - 0x000007fef39b1000 	C:\Program Files\Java\jdk-10\bin\nio.dll

dbghelp: loaded successfully - version: 4.0.5 - missing functions: none
symbol engine: initialized successfully - sym options: 0x614 - pdb path: .;C:\Program Files\Java\jdk-10\bin;C:\Windows\SYSTEM32;C:\Windows\WinSxS\amd64_microsoft.windows.common-controls_6595b64144ccf1df_6.0.7601.18837_none_fa3b1e3d17594757;C:\Program Files\NVIDIA Corporation\CoProcManager;C:\Program Files\Java\jdk-10\bin\server

VM Arguments:
jvm_args: -Dfile.encoding=Cp1252 
java_command: Frameworkfiles.Readingexcelfiledata
java_class_path (initial): C:\Users\Admin\eclipse-workspace\My Java Programs\SeleniumProject\bin;C:\Program Files\Selenium\selenium-java-3.11.0\client-combined-3.11.0.jar;C:\Program Files\Selenium\selenium-java-3.11.0\client-combined-3.11.0-sources.jar;C:\Program Files\Selenium\selenium-java-3.11.0\libs\byte-buddy-1.7.9.jar;C:\Program Files\Selenium\selenium-java-3.11.0\libs\commons-codec-1.10.jar;C:\Program Files\Selenium\selenium-java-3.11.0\libs\commons-exec-1.3.jar;C:\Program Files\Selenium\selenium-java-3.11.0\libs\commons-logging-1.2.jar;C:\Program Files\Selenium\selenium-java-3.11.0\libs\gson-2.8.2.jar;C:\Program Files\Selenium\selenium-java-3.11.0\libs\guava-23.6-jre.jar;C:\Program Files\Selenium\selenium-java-3.11.0\libs\httpclient-4.5.3.jar;C:\Program Files\Selenium\selenium-java-3.11.0\libs\httpcore-4.4.6.jar;C:\Program Files\Selenium\selenium-java-3.11.0\libs\okhttp-3.9.1.jar;C:\Program Files\Selenium\selenium-java-3.11.0\libs\okio-1.13.0.jar;C:\Users\Admin\Downloads\commons-io-2.6-bin\commons-io-2.6\commons-io-2.6.jar;C:\Users\Admin\Downloads\commons-io-2.6-bin\commons-io-2.6\commons-io-2.6-javadoc.jar;C:\Users\Admin\Downloads\commons-io-2.6-bin\commons-io-2.6\commons-io-2.6-sources.jar;C:\Users\Admin\Downloads\commons-io-2.6-bin\commons-io-2.6\commons-io-2.6-tests.jar;C:\Users\Admin\Downloads\commons-io-2.6-bin\commons-io-2.6\commons-io-2.6-test-sources.jar;C:\Users\Admin\.p2\pool\plugins\org.testng_6.14.2.r201802161450.jar;C:\Users\Admin\.p2\pool\plugins\com.beust.jcommander_1.72.0.jar;C:\Users\Admin\.p2\pool\plugins\org.apache-extras.beanshell.bsh_2.0.0.b6.jar;C:\Users\Admin\.p2\pool\plugins\org.yaml.snakeyaml_1.17.0.jar;D:\New folder\jar_files\log4j-1.2.17.jar;C:\Users\Admin\Downloads\poi-bin-3.17-20170915\poi-3.17\poi-3.17.jar;C:\Users\Admin\Downloads\poi-bin-3.17-20170915\poi-3.17\poi-examples-3.17.jar;C:\Users\Admin\Downloads\poi-bin-3.17-20170915\poi-3.17\poi-excelant-3.17.jar;C:\Users\Admin\Downloads\poi-bin-3.17-20170915\poi-3.17\poi-ooxml-3
Launcher Type: SUN_STANDARD

Logging:
Log output configuration:
#0: stdout all=warning uptime,level,tags
#1: stderr all=off uptime,level,tags

Environment Variables:
JAVA_HOME=C:\Program Files\Java\jdk-10
PATH=C:/Program Files/Java/jdk-10/bin/server;C:/Program Files/Java/jdk-10/bin;C:\Program Files\JetBrains\PyCharm Community Edition \C:\Users\Admin\PycharmProjects\my python programs\venv\Scripts;C:\Users\Admin\Python\Python36-32\Scripts\;C:\Users\Admin\Python\Python36-32\;C:\Program Files\Java\jdk-10\bin;C:\Windows\system32;
USERNAME=Admin
OS=Windows_NT
PROCESSOR_IDENTIFIER=Intel64 Family 6 Model 61 Stepping 4, GenuineIntel



---------------  S Y S T E M  ---------------

OS: Windows 7 , 64 bit Build 7601 (6.1.7601.24150)

CPU:total 4 (initial active 4) (2 cores per cpu, 2 threads per core) family 6 model 61 stepping 4, cmov, cx8, fxsr, mmx, sse, sse2, sse3, ssse3, sse4.1, sse4.2, popcnt, avx, avx2, aes, clmul, erms, 3dnowpref, lzcnt, ht, tsc, tscinvbit, bmi1, bmi2, adx, fma

Memory: 4k page, physical 8297976k(2516632k free), swap 32973964k(4694256k free)

vm_info: Java HotSpot(TM) 64-Bit Server VM (10+46) for windows-amd64 JRE (10+46), built on Mar  8 2018 02:11:18 by "mach5one" with MS VC++ 12.0 (VS2013)

END.
